<?xml version="1.0" encoding="UTF-8"?>
<coverage generated="1646196052706" clover="3.2.0">
  <project timestamp="1646196052706" name="All files">
    <metrics statements="107" coveredstatements="22" conditionals="18" coveredconditionals="5" methods="40" coveredmethods="6" elements="165" coveredelements="33" complexity="0" loc="107" ncloc="107" packages="3" files="10" classes="10"/>
    <package name="src">
      <metrics statements="56" coveredstatements="0" conditionals="10" coveredconditionals="0" methods="23" coveredmethods="0"/>
      <file name="App.js" path="/Users/eyc/Documents/REPOS/FSO-Full-Stack-Open/05. Testing React Apps/notes-frontend-part5/src/App.js">
        <metrics statements="55" coveredstatements="0" conditionals="10" coveredconditionals="0" methods="23" coveredmethods="0"/>
        <line num="11" count="0" type="stmt"/>
        <line num="12" count="0" type="stmt"/>
        <line num="13" count="0" type="stmt"/>
        <line num="14" count="0" type="stmt"/>
        <line num="15" count="0" type="stmt"/>
        <line num="16" count="0" type="stmt"/>
        <line num="17" count="0" type="stmt"/>
        <line num="19" count="0" type="stmt"/>
        <line num="20" count="0" type="stmt"/>
        <line num="23" count="0" type="stmt"/>
        <line num="27" count="0" type="stmt"/>
        <line num="28" count="0" type="stmt"/>
        <line num="29" count="0" type="cond" truecount="0" falsecount="2"/>
        <line num="30" count="0" type="stmt"/>
        <line num="31" count="0" type="stmt"/>
        <line num="32" count="0" type="stmt"/>
        <line num="36" count="0" type="stmt"/>
        <line num="37" count="0" type="stmt"/>
        <line num="38" count="0" type="stmt"/>
        <line num="41" count="0" type="stmt"/>
        <line num="45" count="0" type="stmt"/>
        <line num="46" count="0" type="stmt"/>
        <line num="47" count="0" type="stmt"/>
        <line num="49" count="0" type="stmt"/>
        <line num="52" count="0" type="cond" truecount="0" falsecount="2"/>
        <line num="55" count="0" type="stmt"/>
        <line num="58" count="0" type="stmt"/>
        <line num="59" count="0" type="stmt"/>
        <line num="61" count="0" type="stmt"/>
        <line num="65" count="0" type="cond" truecount="0" falsecount="2"/>
        <line num="67" count="0" type="stmt"/>
        <line num="69" count="0" type="stmt"/>
        <line num="70" count="0" type="stmt"/>
        <line num="71" count="0" type="stmt"/>
        <line num="72" count="0" type="stmt"/>
        <line num="76" count="0" type="stmt"/>
        <line num="79" count="0" type="stmt"/>
        <line num="80" count="0" type="stmt"/>
        <line num="81" count="0" type="stmt"/>
        <line num="82" count="0" type="stmt"/>
        <line num="84" count="0" type="stmt"/>
        <line num="85" count="0" type="stmt"/>
        <line num="86" count="0" type="stmt"/>
        <line num="91" count="0" type="stmt"/>
        <line num="92" count="0" type="stmt"/>
        <line num="93" count="0" type="stmt"/>
        <line num="96" count="0" type="stmt"/>
        <line num="97" count="0" type="stmt"/>
        <line num="98" count="0" type="stmt"/>
        <line num="103" count="0" type="stmt"/>
        <line num="113" count="0" type="stmt"/>
        <line num="114" count="0" type="stmt"/>
        <line num="126" count="0" type="stmt"/>
        <line num="132" count="0" type="stmt"/>
        <line num="135" count="0" type="stmt"/>
      </file>
      <file name="index.js" path="/Users/eyc/Documents/REPOS/FSO-Full-Stack-Open/05. Testing React Apps/notes-frontend-part5/src/index.js">
        <metrics statements="1" coveredstatements="0" conditionals="0" coveredconditionals="0" methods="0" coveredmethods="0"/>
        <line num="5" count="0" type="stmt"/>
      </file>
    </package>
    <package name="src.components">
      <metrics statements="33" coveredstatements="22" conditionals="8" coveredconditionals="5" methods="10" coveredmethods="6"/>
      <file name="Footer.js" path="/Users/eyc/Documents/REPOS/FSO-Full-Stack-Open/05. Testing React Apps/notes-frontend-part5/src/components/Footer.js">
        <metrics statements="3" coveredstatements="0" conditionals="0" coveredconditionals="0" methods="1" coveredmethods="0"/>
        <line num="3" count="0" type="stmt"/>
        <line num="4" count="0" type="stmt"/>
        <line num="9" count="0" type="stmt"/>
      </file>
      <file name="LoginForm.js" path="/Users/eyc/Documents/REPOS/FSO-Full-Stack-Open/05. Testing React Apps/notes-frontend-part5/src/components/LoginForm.js">
        <metrics statements="3" coveredstatements="0" conditionals="0" coveredconditionals="0" methods="1" coveredmethods="0"/>
        <line num="3" count="0" type="stmt"/>
        <line num="4" count="0" type="stmt"/>
        <line num="30" count="0" type="stmt"/>
      </file>
      <file name="Note.js" path="/Users/eyc/Documents/REPOS/FSO-Full-Stack-Open/05. Testing React Apps/notes-frontend-part5/src/components/Note.js">
        <metrics statements="3" coveredstatements="3" conditionals="2" coveredconditionals="1" methods="1" coveredmethods="1"/>
        <line num="3" count="1" type="stmt"/>
        <line num="4" count="2" type="cond" truecount="1" falsecount="1"/>
        <line num="6" count="2" type="stmt"/>
      </file>
      <file name="NoteForm.js" path="/Users/eyc/Documents/REPOS/FSO-Full-Stack-Open/05. Testing React Apps/notes-frontend-part5/src/components/NoteForm.js">
        <metrics statements="9" coveredstatements="9" conditionals="0" coveredconditionals="0" methods="3" coveredmethods="3"/>
        <line num="3" count="1" type="stmt"/>
        <line num="4" count="19" type="stmt"/>
        <line num="6" count="19" type="stmt"/>
        <line num="7" count="17" type="stmt"/>
        <line num="10" count="19" type="stmt"/>
        <line num="11" count="1" type="stmt"/>
        <line num="12" count="1" type="stmt"/>
        <line num="17" count="1" type="stmt"/>
        <line num="20" count="19" type="stmt"/>
      </file>
      <file name="Notification.js" path="/Users/eyc/Documents/REPOS/FSO-Full-Stack-Open/05. Testing React Apps/notes-frontend-part5/src/components/Notification.js">
        <metrics statements="4" coveredstatements="0" conditionals="2" coveredconditionals="0" methods="1" coveredmethods="0"/>
        <line num="3" count="0" type="stmt"/>
        <line num="4" count="0" type="cond" truecount="0" falsecount="2"/>
        <line num="5" count="0" type="stmt"/>
        <line num="8" count="0" type="stmt"/>
      </file>
      <file name="Togglable.js" path="/Users/eyc/Documents/REPOS/FSO-Full-Stack-Open/05. Testing React Apps/notes-frontend-part5/src/components/Togglable.js">
        <metrics statements="11" coveredstatements="10" conditionals="4" coveredconditionals="4" methods="3" coveredmethods="2"/>
        <line num="4" count="1" type="stmt"/>
        <line num="5" count="7" type="stmt"/>
        <line num="7" count="7" type="cond" truecount="2" falsecount="0"/>
        <line num="8" count="7" type="cond" truecount="2" falsecount="0"/>
        <line num="10" count="7" type="stmt"/>
        <line num="11" count="3" type="stmt"/>
        <line num="14" count="7" type="stmt"/>
        <line num="15" count="0" type="stmt"/>
        <line num="20" count="7" type="stmt"/>
        <line num="33" count="1" type="stmt"/>
        <line num="37" count="1" type="stmt"/>
      </file>
    </package>
    <package name="src.services">
      <metrics statements="18" coveredstatements="0" conditionals="0" coveredconditionals="0" methods="7" coveredmethods="0"/>
      <file name="login.js" path="/Users/eyc/Documents/REPOS/FSO-Full-Stack-Open/05. Testing React Apps/notes-frontend-part5/src/services/login.js">
        <metrics statements="4" coveredstatements="0" conditionals="0" coveredconditionals="0" methods="1" coveredmethods="0"/>
        <line num="2" count="0" type="stmt"/>
        <line num="4" count="0" type="stmt"/>
        <line num="5" count="0" type="stmt"/>
        <line num="6" count="0" type="stmt"/>
      </file>
      <file name="notes.js" path="/Users/eyc/Documents/REPOS/FSO-Full-Stack-Open/05. Testing React Apps/notes-frontend-part5/src/services/notes.js">
        <metrics statements="14" coveredstatements="0" conditionals="0" coveredconditionals="0" methods="6" coveredmethods="0"/>
        <line num="2" count="0" type="stmt"/>
        <line num="4" count="0" type="stmt"/>
        <line num="6" count="0" type="stmt"/>
        <line num="7" count="0" type="stmt"/>
        <line num="10" count="0" type="stmt"/>
        <line num="11" count="0" type="stmt"/>
        <line num="12" count="0" type="stmt"/>
        <line num="15" count="0" type="stmt"/>
        <line num="16" count="0" type="stmt"/>
        <line num="20" count="0" type="stmt"/>
        <line num="21" count="0" type="stmt"/>
        <line num="24" count="0" type="stmt"/>
        <line num="25" count="0" type="stmt"/>
        <line num="26" count="0" type="stmt"/>
      </file>
    </package>
  </project>
</coverage>
